<?xml version="1.0" encoding="UTF-8"?>
<testsuite name="BowlingGameTest" tests="4" skipped="0" failures="0" errors="0" timestamp="2017-04-17T09:42:35" hostname="cyr-computer" time="0.014">
  <properties/>
  <testcase name="test_second_spare" classname="BowlingGameTest" time="0.007"/>
  <testcase name="test_other_situation" classname="BowlingGameTest" time="0.001"/>
  <testcase name="test_all_strike" classname="BowlingGameTest" time="0.001"/>
  <testcase name="test_second_miss" classname="BowlingGameTest" time="0.001"/>
  <system-out><![CDATA[]]></system-out>
  <system-err><![CDATA[]]></system-err>
</testsuite>
